[12:36:05] 🚀 Iniciando envio para Domínio: R V COMERCIO DE CONFECCOES LTDA
[12:36:05] 📋 485 nota(s) para enviar.
[12:36:05] 🔑 Testando conexão com o Domínio...
[12:36:05] ✅ Conexão OK. Iniciando envio...
[12:36:05] 📦 Lote 1/49 — 10 nota(s)
[12:36:06] ⚠️ Lote 1 falhou. Tentando envio individual...
[12:36:11] 📦 Lote 2/49 — 10 nota(s)
[12:36:12] ⚠️ Lote 2 falhou. Tentando envio individual...
[12:36:18] 📦 Lote 3/49 — 10 nota(s)
[12:36:19] ⚠️ Lote 3 falhou. Tentando envio individual...
[12:36:24] 📦 Lote 4/49 — 10 nota(s)
[12:36:25] ⚠️ Lote 4 falhou. Tentando envio individual...
[12:36:31] 📦 Lote 5/49 — 10 nota(s)
[12:36:32] ⚠️ Lote 5 falhou. Tentando envio individual...
[12:36:37] 📦 Lote 6/49 — 10 nota(s)
[12:36:38] ⚠️ Lote 6 falhou. Tentando envio individual...
[12:36:43] 📦 Lote 7/49 — 10 nota(s)
[12:36:44] ⚠️ Lote 7 falhou. Tentando envio individual...
[12:36:50] 📦 Lote 8/49 — 10 nota(s)
[12:36:51] ⚠️ Lote 8 falhou. Tentando envio individual...
[12:36:56] 📦 Lote 9/49 — 10 nota(s)
