[17:19:27] 🚀 Iniciando para R V COMERCIO DE CONFECCOES LTDA (2026-05)
[17:19:36] ✅ TOTVS retornou 179 registros.
[17:19:36] 🔍 Estrutura COMPLETA da 1ª nota: {"branchCode":4,"branchCnpj":"40950354000200","invoiceSequence":536127,"invoiceDate":"2026-05-01","personCode":170299,"personName":"ALEXANDRA GOMES","invoiceCode":59977,"serialCode":"2","invoiceStatus":"Issued","transactionBranchCode":4,"transactionDate":"2026-05-01","transactionCode":1839420,"inclusionComponentCode":"PDVFM001","peripheralPdvCode":null,"versionPdv":null,"mobileVersion":null,"idDocumentPDV":"9193C623-FFDE-4AF2-9F19-A7A40BFE1779","userCode":46,"origin":"Own","documentType":65,"operationType":"Output","operationCode":94,"operatioName":"VENDA LOJA - NFCE JOAO PESSOA","issueDate":"2026-05-01","releaseDate":"2026-05-01","exitTime":"10:36:25","lastchangeDate":"2026-05-01T10:36:26","maxChangeFilterDate":"2026-05-01T10:36:27","paymentConditionCode":1,"paymentConditionName":"A VISTA ANTECIPADO","discountPercentage":19.019019,"quantity":1,"productValue":80.9,"additionalValue":0,"shippingValue":0,"insuranceValue":0,"ipiValue":0,"baseIcmsValue":80.9,"icmsValue":16.18,"icmsSubStValue":0,"totalValue":80.9,"terminalCode":1,"sellerCpf":"70112545440","eletronic":{"accessKey":"25260540950354000200650020000599771220549641","electronicInvoiceStatus":"Authorized","receipt":225260170715315,"receivementDate":"2026-05-01T10:36:27","disableProtocol":null,"disableDate":null},"ecf":null,"sat":null,"shippingCompany":null,"person":null,"productionOrder":null,"salesOrder":null,"items":null,"payments":null,"observationNF":null,"observationNFE":null,"referencedTaxInvoice":null}
[17:19:36] 📥 [1/179] Baixando XML da TOTVS: 25260540950354000200650020000599771220549641
[17:19:36] 💾 Salvando Nota 59977 para Empresa ID: 2
[17:19:36] 📥 [2/179] Baixando XML da TOTVS: 25260540950354000200650020000599781298713366
[17:19:36] 💾 Salvando Nota 59978 para Empresa ID: 2
[17:19:37] 📥 [3/179] Baixando XML da TOTVS: 25260540950354000200650020000599791306979533
[17:19:37] 💾 Salvando Nota 59979 para Empresa ID: 2
[17:19:37] 📥 [4/179] Baixando XML da TOTVS: 25260540950354000200650020000599801196076861
[17:19:37] 💾 Salvando Nota 59980 para Empresa ID: 2
[17:19:37] 📥 [5/179] Baixando XML da TOTVS: 25260540950354000200650020000599811149019994
[17:19:37] 💾 Salvando Nota 59981 para Empresa ID: 2
[17:19:37] 📥 [6/179] Baixando XML da TOTVS: 25260540950354000200650020000599821718718066
[17:19:37] 💾 Salvando Nota 59982 para Empresa ID: 2
[17:19:37] 📥 [7/179] Baixando XML da TOTVS: 25260540950354000200650020000599831295365278
[17:19:37] 💾 Salvando Nota 59983 para Empresa ID: 2
[17:19:37] 📥 [8/179] Baixando XML da TOTVS: 25260540950354000200650020000599841171184198
[17:19:37] 💾 Salvando Nota 59984 para Empresa ID: 2
[17:19:38] 📥 [9/179] Baixando XML da TOTVS: 25260540950354000200650020000599851166801386
[17:19:38] 💾 Salvando Nota 59985 para Empresa ID: 2
[17:19:38] 📥 [10/179] Baixando XML da TOTVS: 25260540950354000200650020000599861279580005
[17:19:38] 💾 Salvando Nota 59986 para Empresa ID: 2
[17:19:38] 📥 [11/179] Baixando XML da TOTVS: 25260540950354000200650020000599871658673254
[17:19:38] 💾 Salvando Nota 59987 para Empresa ID: 2
[17:19:38] 📥 [12/179] Baixando XML da TOTVS: 25260540950354000200650020000599881104824899
[17:19:38] 💾 Salvando Nota 59988 para Empresa ID: 2
[17:19:38] 📥 [13/179] Baixando XML da TOTVS: 25260540950354000200650020000599891647206182
[17:19:38] 💾 Salvando Nota 59989 para Empresa ID: 2
[17:19:38] 📥 [14/179] Baixando XML da TOTVS: 25260540950354000200650020000599901222962998
[17:19:38] 💾 Salvando Nota 59990 para Empresa ID: 2
[17:19:39] 📥 [15/179] Baixando XML da TOTVS: 25260540950354000200650020000599911206447445
[17:19:39] 💾 Salvando Nota 59991 para Empresa ID: 2
[17:19:39] 📥 [16/179] Baixando XML da TOTVS: 25260540950354000200550010000069881969745121
[17:19:39] 💾 Salvando Nota 6988 para Empresa ID: 2
[17:19:39] 📥 [17/179] Baixando XML da TOTVS: 25260540950354000200650020000599921384801471
[17:19:39] 💾 Salvando Nota 59992 para Empresa ID: 2
[17:19:39] 📥 [18/179] Baixando XML da TOTVS: 25260540950354000200650020000599931170200385
[17:19:39] 💾 Salvando Nota 59993 para Empresa ID: 2
[17:19:39] 📥 [19/179] Baixando XML da TOTVS: 25260540950354000200650020000599941152217040
[17:19:39] 💾 Salvando Nota 59994 para Empresa ID: 2
[17:19:39] 📥 [20/179] Baixando XML da TOTVS: 25260540950354000200650020000599951527478760
[17:19:39] 💾 Salvando Nota 59995 para Empresa ID: 2
[17:19:40] 📥 [21/179] Baixando XML da TOTVS: 25260540950354000200650020000599961317530584
[17:19:40] 💾 Salvando Nota 59996 para Empresa ID: 2
[17:19:40] 📥 [22/179] Baixando XML da TOTVS: 25260540950354000200650020000599971254326567
[17:19:40] 💾 Salvando Nota 59997 para Empresa ID: 2
[17:19:40] 📥 [23/179] Baixando XML da TOTVS: 25260540950354000200650020000599981120304450
[17:19:40] 💾 Salvando Nota 59998 para Empresa ID: 2
[17:19:40] 📥 [24/179] Baixando XML da TOTVS: 25260540950354000200650020000599991121395295
[17:19:40] 💾 Salvando Nota 59999 para Empresa ID: 2
[17:19:40] 📥 [25/179] Baixando XML da TOTVS: 25260540950354000200650020000600001125093154
[17:19:40] 💾 Salvando Nota 60000 para Empresa ID: 2
[17:19:40] 📥 [26/179] Baixando XML da TOTVS: 25260540950354000200650020000600011338890296
[17:19:40] 💾 Salvando Nota 60001 para Empresa ID: 2
[17:19:41] 📥 [27/179] Baixando XML da TOTVS: 25260540950354000200550010000069891580145186
[17:19:41] 💾 Salvando Nota 6989 para Empresa ID: 2
[17:19:41] 📥 [28/179] Baixando XML da TOTVS: 25260540950354000200650020000600021278876575
[17:19:41] 💾 Salvando Nota 60002 para Empresa ID: 2
[17:19:41] 📥 [29/179] Baixando XML da TOTVS: 25260540950354000200650020000600031196231217
[17:19:41] 💾 Salvando Nota 60003 para Empresa ID: 2
[17:19:41] 📥 [30/179] Baixando XML da TOTVS: 25260540950354000200650020000600041189066874
[17:19:41] 💾 Salvando Nota 60004 para Empresa ID: 2
[17:19:41] 📥 [31/179] Baixando XML da TOTVS: 25260540950354000200650020000600051316151252
[17:19:41] 💾 Salvando Nota 60005 para Empresa ID: 2
[17:19:41] 📥 [32/179] Baixando XML da TOTVS: 25260540950354000200650020000600061244453697
[17:19:41] 💾 Salvando Nota 60006 para Empresa ID: 2
[17:19:42] 📥 [33/179] Baixando XML da TOTVS: 25260540950354000200650020000600071223008209
[17:19:42] 💾 Salvando Nota 60007 para Empresa ID: 2
[17:19:42] 📥 [34/179] Baixando XML da TOTVS: 25260540950354000200650020000600081142503223
[17:19:42] 💾 Salvando Nota 60008 para Empresa ID: 2
[17:19:42] 📥 [35/179] Baixando XML da TOTVS: 25260540950354000200650020000600091305476944
[17:19:42] 💾 Salvando Nota 60009 para Empresa ID: 2
[17:19:42] 📥 [36/179] Baixando XML da TOTVS: 25260540950354000200550010000069901120687202
[17:19:42] 💾 Salvando Nota 6990 para Empresa ID: 2
[17:19:42] 📥 [37/179] Baixando XML da TOTVS: 25260540950354000200650020000600101263071497
[17:19:42] 💾 Salvando Nota 60010 para Empresa ID: 2
[17:19:42] 📥 [38/179] Baixando XML da TOTVS: 25260540950354000200650020000600111283895484
[17:19:42] 💾 Salvando Nota 60011 para Empresa ID: 2
[17:19:42] 📥 [39/179] Baixando XML da TOTVS: 25260540950354000200650020000600121230130987
[17:19:43] 💾 Salvando Nota 60012 para Empresa ID: 2
[17:19:43] 📥 [40/179] Baixando XML da TOTVS: 25260540950354000200650020000600131175468354
[17:19:43] 💾 Salvando Nota 60013 para Empresa ID: 2
[17:19:43] 📥 [41/179] Baixando XML da TOTVS: 25260540950354000200550010000069911157690603
[17:19:43] 💾 Salvando Nota 6991 para Empresa ID: 2
[17:19:43] 📥 [42/179] Baixando XML da TOTVS: 25260540950354000200650020000600141158304311
[17:19:43] 💾 Salvando Nota 60014 para Empresa ID: 2
[17:19:43] 📥 [43/179] Baixando XML da TOTVS: 25260540950354000200650020000600151221764369
[17:19:43] 💾 Salvando Nota 60015 para Empresa ID: 2
[17:19:43] 📥 [44/179] Baixando XML da TOTVS: 25260540950354000200650020000600161101858525
[17:19:43] 💾 Salvando Nota 60016 para Empresa ID: 2
[17:19:43] 📥 [45/179] Baixando XML da TOTVS: 25260540950354000200650020000600171486762652
[17:19:43] 💾 Salvando Nota 60017 para Empresa ID: 2
[17:19:44] 📥 [46/179] Baixando XML da TOTVS: 25260540950354000200650020000600181226726017
[17:19:44] 💾 Salvando Nota 60018 para Empresa ID: 2
[17:19:44] 📥 [47/179] Baixando XML da TOTVS: 25260540950354000200650020000600191144872777
[17:19:44] 💾 Salvando Nota 60019 para Empresa ID: 2
[17:19:44] 📥 [48/179] Baixando XML da TOTVS: 25260540950354000200650020000600201277494480
[17:19:44] 💾 Salvando Nota 60020 para Empresa ID: 2
[17:19:44] 📥 [49/179] Baixando XML da TOTVS: 25260540950354000200650020000600211131981708
[17:19:44] 💾 Salvando Nota 60021 para Empresa ID: 2
[17:19:44] 📥 [50/179] Baixando XML da TOTVS: 25260540950354000200650020000600221235740313
[17:19:44] 💾 Salvando Nota 60022 para Empresa ID: 2
[17:19:44] 📥 [51/179] Baixando XML da TOTVS: 25260540950354000200650020000600231136367735
[17:19:44] 💾 Salvando Nota 60023 para Empresa ID: 2
[17:19:45] 📥 [52/179] Baixando XML da TOTVS: 25260540950354000200650020000600241775123130
[17:19:45] 💾 Salvando Nota 60024 para Empresa ID: 2
[17:19:45] 📥 [53/179] Baixando XML da TOTVS: 25260540950354000200650020000600251969294574
[17:19:45] 💾 Salvando Nota 60025 para Empresa ID: 2
[17:19:45] 📥 [54/179] Baixando XML da TOTVS: 25260540950354000200650020000600261198715356
[17:19:45] 💾 Salvando Nota 60026 para Empresa ID: 2
[17:19:45] 📥 [55/179] Baixando XML da TOTVS: 25260540950354000200550010000069921228138123
[17:19:45] 💾 Salvando Nota 6992 para Empresa ID: 2
[17:19:45] 📥 [56/179] Baixando XML da TOTVS: 25260540950354000200650020000600271610928932
[17:19:45] 💾 Salvando Nota 60027 para Empresa ID: 2
[17:19:45] 📥 [57/179] Baixando XML da TOTVS: 25260540950354000200650020000600281642105696
[17:19:46] 💾 Salvando Nota 60028 para Empresa ID: 2
[17:19:46] 📥 [58/179] Baixando XML da TOTVS: 25260540950354000200650020000600291338571345
[17:19:46] 💾 Salvando Nota 60029 para Empresa ID: 2
[17:19:46] 📥 [59/179] Baixando XML da TOTVS: 25260540950354000200650020000600301145388493
[17:19:46] 💾 Salvando Nota 60030 para Empresa ID: 2
[17:19:46] 📥 [60/179] Baixando XML da TOTVS: 25260540950354000200650020000600311264490116
[17:19:46] 💾 Salvando Nota 60031 para Empresa ID: 2
[17:19:46] 📥 [61/179] Baixando XML da TOTVS: 25260540950354000200550010000069931139576416
[17:19:46] 💾 Salvando Nota 6993 para Empresa ID: 2
[17:19:46] 📥 [62/179] Baixando XML da TOTVS: 25260540950354000200650020000600321267978427
[17:19:47] 💾 Salvando Nota 60032 para Empresa ID: 2
[17:19:47] 📥 [63/179] Baixando XML da TOTVS: 25260540950354000200650020000600331119003760
[17:19:47] 💾 Salvando Nota 60033 para Empresa ID: 2
[17:19:47] 📥 [64/179] Baixando XML da TOTVS: 25260540950354000200650020000600341304831581
[17:19:47] 💾 Salvando Nota 60034 para Empresa ID: 2
[17:19:47] 📥 [65/179] Baixando XML da TOTVS: 25260540950354000200650020000600351201440137
[17:19:47] 💾 Salvando Nota 60035 para Empresa ID: 2
[17:19:47] 📥 [66/179] Baixando XML da TOTVS: 25260540950354000200650020000600361199497863
[17:19:47] 💾 Salvando Nota 60036 para Empresa ID: 2
[17:19:47] 📥 [67/179] Baixando XML da TOTVS: 25260540950354000200550010000069941288796482
[17:19:47] 💾 Salvando Nota 6994 para Empresa ID: 2
[17:19:47] 📥 [68/179] Baixando XML da TOTVS: 25260540950354000200650020000600371335221418
[17:19:48] 💾 Salvando Nota 60037 para Empresa ID: 2
[17:19:48] 📥 [69/179] Baixando XML da TOTVS: 25260540950354000200650020000600381257823041
[17:19:48] 💾 Salvando Nota 60038 para Empresa ID: 2
[17:19:48] 📥 [70/179] Baixando XML da TOTVS: 25260540950354000200650020000600391307975726
[17:19:48] 💾 Salvando Nota 60039 para Empresa ID: 2
[17:19:48] 📥 [71/179] Baixando XML da TOTVS: 25260540950354000200550010000069951228224234
[17:19:48] 💾 Salvando Nota 6995 para Empresa ID: 2
[17:19:48] 📥 [72/179] Baixando XML da TOTVS: 25260540950354000200650020000600401136894868
[17:19:48] 💾 Salvando Nota 60040 para Empresa ID: 2
[17:19:48] 📥 [73/179] Baixando XML da TOTVS: 25260540950354000200550010000069961394687467
[17:19:48] 💾 Salvando Nota 6996 para Empresa ID: 2
[17:19:48] 📥 [74/179] Baixando XML da TOTVS: 25260540950354000200650020000600411457090850
[17:19:49] 💾 Salvando Nota 60041 para Empresa ID: 2
[17:19:49] 📥 [75/179] Baixando XML da TOTVS: 25260540950354000200550010000069971497738460
[17:19:49] 💾 Salvando Nota 6997 para Empresa ID: 2
[17:19:49] 📥 [76/179] Baixando XML da TOTVS: 25260540950354000200650020000600421387967208
[17:19:49] 💾 Salvando Nota 60042 para Empresa ID: 2
[17:19:49] 📥 [77/179] Baixando XML da TOTVS: 25260540950354000200650020000600431313598214
[17:19:49] 💾 Salvando Nota 60043 para Empresa ID: 2
[17:19:49] 📥 [78/179] Baixando XML da TOTVS: 25260540950354000200550010000069981127980280
[17:19:49] 💾 Salvando Nota 6998 para Empresa ID: 2
[17:19:49] 📥 [79/179] Baixando XML da TOTVS: 25260540950354000200650020000600441198892833
[17:19:49] 💾 Salvando Nota 60044 para Empresa ID: 2
[17:19:49] 📥 [80/179] Baixando XML da TOTVS: 25260540950354000200650020000600451313918850
[17:19:49] 💾 Salvando Nota 60045 para Empresa ID: 2
[17:19:50] 📥 [81/179] Baixando XML da TOTVS: 25260540950354000200650020000600461136243798
[17:19:50] 💾 Salvando Nota 60046 para Empresa ID: 2
[17:19:50] 📥 [82/179] Baixando XML da TOTVS: 25260540950354000200650020000600471277386339
[17:19:50] 💾 Salvando Nota 60047 para Empresa ID: 2
[17:19:50] 📥 [83/179] Baixando XML da TOTVS: 25260540950354000200650020000600481238695129
[17:19:50] 💾 Salvando Nota 60048 para Empresa ID: 2
[17:19:50] 📥 [84/179] Baixando XML da TOTVS: 25260540950354000200650020000600491735622917
[17:19:50] 💾 Salvando Nota 60049 para Empresa ID: 2
[17:19:50] 📥 [85/179] Baixando XML da TOTVS: 25260540950354000200650020000600501443860126
[17:19:50] 💾 Salvando Nota 60050 para Empresa ID: 2
[17:19:50] 📥 [86/179] Baixando XML da TOTVS: 25260540950354000200650020000600511214299431
[17:19:50] 💾 Salvando Nota 60051 para Empresa ID: 2
[17:19:51] 📥 [87/179] Baixando XML da TOTVS: 25260540950354000200650020000600521281798301
[17:19:51] 💾 Salvando Nota 60052 para Empresa ID: 2
[17:19:51] 📥 [88/179] Baixando XML da TOTVS: 25260540950354000200550010000069991202705358
[17:19:51] 💾 Salvando Nota 6999 para Empresa ID: 2
[17:19:51] 📥 [89/179] Baixando XML da TOTVS: 25260540950354000200650020000600531149468127
[17:19:51] 💾 Salvando Nota 60053 para Empresa ID: 2
[17:19:51] 📥 [90/179] Baixando XML da TOTVS: 25260540950354000200550010000070001108853511
[17:19:51] 💾 Salvando Nota 7000 para Empresa ID: 2
[17:19:51] 📥 [91/179] Baixando XML da TOTVS: 25260540950354000200650020000600541466819512
[17:19:51] 💾 Salvando Nota 60054 para Empresa ID: 2
[17:19:51] 📥 [92/179] Baixando XML da TOTVS: 25260540950354000200650020000600551735596905
[17:19:51] 💾 Salvando Nota 60055 para Empresa ID: 2
[17:19:52] 📥 [93/179] Baixando XML da TOTVS: 25260540950354000200550010000070011168115590
[17:19:52] 💾 Salvando Nota 7001 para Empresa ID: 2
[17:19:52] 📥 [94/179] Baixando XML da TOTVS: 25260540950354000200650020000600561202830354
[17:19:52] 💾 Salvando Nota 60056 para Empresa ID: 2
[17:19:52] 📥 [95/179] Baixando XML da TOTVS: 25260540950354000200650020000600571101147192
[17:19:52] 💾 Salvando Nota 60057 para Empresa ID: 2
[17:19:52] 📥 [96/179] Baixando XML da TOTVS: 25260540950354000200650020000600581330781733
[17:19:52] 💾 Salvando Nota 60058 para Empresa ID: 2
[17:19:52] 📥 [97/179] Baixando XML da TOTVS: 25260540950354000200550010000070021310990162
[17:19:52] 💾 Salvando Nota 7002 para Empresa ID: 2
[17:19:52] 📥 [98/179] Baixando XML da TOTVS: 25260540950354000200650020000600591176309194
[17:19:52] 💾 Salvando Nota 60059 para Empresa ID: 2
[17:19:53] 📥 [99/179] Baixando XML da TOTVS: 25260540950354000200650020000600601187512388
[17:19:53] 💾 Salvando Nota 60060 para Empresa ID: 2
[17:19:53] 📥 [100/179] Baixando XML da TOTVS: 25260540950354000200650020000600611316497786
[17:19:53] 💾 Salvando Nota 60061 para Empresa ID: 2
[17:19:53] 📥 [101/179] Baixando XML da TOTVS: 25260540950354000200550010000070031825322841
[17:19:53] 💾 Salvando Nota 7003 para Empresa ID: 2
[17:19:53] 📥 [102/179] Baixando XML da TOTVS: 25260540950354000200650020000600621131712521
[17:19:53] 💾 Salvando Nota 60062 para Empresa ID: 2
[17:19:53] 📥 [103/179] Baixando XML da TOTVS: 25260540950354000200650020000600631368477217
[17:19:53] 💾 Salvando Nota 60063 para Empresa ID: 2
[17:19:53] 📥 [104/179] Baixando XML da TOTVS: 25260540950354000200650020000600641286852321
[17:19:53] 💾 Salvando Nota 60064 para Empresa ID: 2
[17:19:54] 📥 [105/179] Baixando XML da TOTVS: 25260540950354000200650020000600651223122803
[17:19:54] 💾 Salvando Nota 60065 para Empresa ID: 2
[17:19:54] 📥 [106/179] Baixando XML da TOTVS: 25260540950354000200650020000600661558123027
[17:19:54] 💾 Salvando Nota 60066 para Empresa ID: 2
[17:19:54] 📥 [107/179] Baixando XML da TOTVS: 25260540950354000200650020000600671294013351
[17:19:54] 💾 Salvando Nota 60067 para Empresa ID: 2
[17:19:54] 📥 [108/179] Baixando XML da TOTVS: 25260540950354000200650020000600681313697530
[17:19:54] 💾 Salvando Nota 60068 para Empresa ID: 2
[17:19:54] 📥 [109/179] Baixando XML da TOTVS: 25260540950354000200650020000600691223378211
[17:19:54] 💾 Salvando Nota 60069 para Empresa ID: 2
[17:19:54] 📥 [110/179] Baixando XML da TOTVS: 25260540950354000200650020000600701220230451
[17:19:54] 💾 Salvando Nota 60070 para Empresa ID: 2
[17:19:54] 📥 [111/179] Baixando XML da TOTVS: 25260540950354000200650020000600711168629996
[17:19:55] 💾 Salvando Nota 60071 para Empresa ID: 2
[17:19:55] 📥 [112/179] Baixando XML da TOTVS: 25260540950354000200650020000600721267496630
[17:19:55] 💾 Salvando Nota 60072 para Empresa ID: 2
[17:19:55] 📥 [113/179] Baixando XML da TOTVS: 25260540950354000200550010000070041316381944
[17:19:55] 💾 Salvando Nota 7004 para Empresa ID: 2
[17:19:55] 📥 [114/179] Baixando XML da TOTVS: 25260540950354000200650020000600731338091392
[17:19:55] 💾 Salvando Nota 60073 para Empresa ID: 2
[17:19:55] 📥 [115/179] Baixando XML da TOTVS: 25260540950354000200650020000600741323875870
[17:19:55] 💾 Salvando Nota 60074 para Empresa ID: 2
[17:19:55] 📥 [116/179] Baixando XML da TOTVS: 25260540950354000200550010000070051253093847
[17:19:55] 💾 Salvando Nota 7005 para Empresa ID: 2
[17:19:55] 📥 [117/179] Baixando XML da TOTVS: 25260540950354000200650020000600751933704278
[17:19:55] 💾 Salvando Nota 60075 para Empresa ID: 2
[17:19:56] 📥 [118/179] Baixando XML da TOTVS: 25260540950354000200650020000600761281022879
[17:19:56] 💾 Salvando Nota 60076 para Empresa ID: 2
[17:19:56] 📥 [119/179] Baixando XML da TOTVS: 25260540950354000200650020000600771143165477
[17:19:56] 💾 Salvando Nota 60077 para Empresa ID: 2
[17:19:56] 📥 [120/179] Baixando XML da TOTVS: 25260540950354000200650020000600781361759473
[17:19:56] 💾 Salvando Nota 60078 para Empresa ID: 2
[17:19:56] 📥 [121/179] Baixando XML da TOTVS: 25260540950354000200650020000600791454694840
[17:19:56] 💾 Salvando Nota 60079 para Empresa ID: 2
[17:19:56] 📥 [122/179] Baixando XML da TOTVS: 25260540950354000200650020000600801105006249
[17:19:56] 💾 Salvando Nota 60080 para Empresa ID: 2
[17:19:56] 📥 [123/179] Baixando XML da TOTVS: 25260540950354000200550010000070061291323134
[17:19:56] 💾 Salvando Nota 7006 para Empresa ID: 2
[17:19:57] 📥 [124/179] Baixando XML da TOTVS: 25260540950354000200650020000600811936852305
[17:19:57] 💾 Salvando Nota 60081 para Empresa ID: 2
[17:19:57] 📥 [125/179] Baixando XML da TOTVS: 25260540950354000200650020000600821113262644
[17:19:57] 💾 Salvando Nota 60082 para Empresa ID: 2
[17:19:57] 📥 [126/179] Baixando XML da TOTVS: 25260540950354000200650020000600831713668860
[17:19:57] 💾 Salvando Nota 60083 para Empresa ID: 2
[17:19:57] 📥 [127/179] Baixando XML da TOTVS: 25260540950354000200650020000600841735484114
[17:19:57] 💾 Salvando Nota 60084 para Empresa ID: 2
[17:19:57] 📥 [128/179] Baixando XML da TOTVS: 25260540950354000200650020000600851275128325
[17:19:57] 💾 Salvando Nota 60085 para Empresa ID: 2
[17:19:57] 📥 [129/179] Baixando XML da TOTVS: 25260540950354000200650020000600861171397335
[17:19:57] 💾 Salvando Nota 60086 para Empresa ID: 2
[17:19:58] 📥 [130/179] Baixando XML da TOTVS: 25260540950354000200650020000600871786595012
[17:19:58] 💾 Salvando Nota 60087 para Empresa ID: 2
[17:19:58] 📥 [131/179] Baixando XML da TOTVS: 25260540950354000200650020000600881283630346
[17:19:58] 💾 Salvando Nota 60088 para Empresa ID: 2
[17:19:58] 📥 [132/179] Baixando XML da TOTVS: 25260540950354000200650020000600891695987230
[17:19:58] 💾 Salvando Nota 60089 para Empresa ID: 2
[17:19:58] 📥 [133/179] Baixando XML da TOTVS: 25260540950354000200650020000600901229572587
[17:19:58] 💾 Salvando Nota 60090 para Empresa ID: 2
[17:19:58] 📥 [134/179] Baixando XML da TOTVS: 25260540950354000200650020000600911746487238
[17:19:58] 💾 Salvando Nota 60091 para Empresa ID: 2
[17:19:58] 📥 [135/179] Baixando XML da TOTVS: 25260540950354000200650020000600921246256390
[17:19:58] 💾 Salvando Nota 60092 para Empresa ID: 2
[17:19:59] 📥 [136/179] Baixando XML da TOTVS: 25260540950354000200650020000600931522941282
[17:19:59] 💾 Salvando Nota 60093 para Empresa ID: 2
[17:19:59] 📥 [137/179] Baixando XML da TOTVS: 25260540950354000200650020000600941109173994
[17:19:59] 💾 Salvando Nota 60094 para Empresa ID: 2
[17:19:59] 📥 [138/179] Baixando XML da TOTVS: 25260540950354000200650020000600951325870964
[17:19:59] 💾 Salvando Nota 60095 para Empresa ID: 2
[17:19:59] 📥 [139/179] Baixando XML da TOTVS: 25260540950354000200650020000600961170818759
[17:19:59] 💾 Salvando Nota 60096 para Empresa ID: 2
[17:19:59] 📥 [140/179] Baixando XML da TOTVS: 25260540950354000200650020000600971254725171
[17:19:59] 💾 Salvando Nota 60097 para Empresa ID: 2
[17:19:59] 📥 [141/179] Baixando XML da TOTVS: 25260540950354000200650020000600981163197102
[17:19:59] 💾 Salvando Nota 60098 para Empresa ID: 2
[17:19:59] 📥 [142/179] Baixando XML da TOTVS: 25260540950354000200650020000600991636479875
[17:20:00] 💾 Salvando Nota 60099 para Empresa ID: 2
[17:20:00] 📥 [143/179] Baixando XML da TOTVS: 25260540950354000200650020000601001338664430
[17:20:00] 💾 Salvando Nota 60100 para Empresa ID: 2
[17:20:00] 📥 [144/179] Baixando XML da TOTVS: 25260540950354000200650020000601011208549387
[17:20:00] 💾 Salvando Nota 60101 para Empresa ID: 2
[17:20:00] 📥 [145/179] Baixando XML da TOTVS: 25260540950354000200650020000601021268852130
[17:20:00] 💾 Salvando Nota 60102 para Empresa ID: 2
[17:20:00] 📥 [146/179] Baixando XML da TOTVS: 25260540950354000200650020000601031245803237
[17:20:00] 💾 Salvando Nota 60103 para Empresa ID: 2
[17:20:00] 📥 [147/179] Baixando XML da TOTVS: 25260540950354000200650020000601041141062890
[17:20:00] 💾 Salvando Nota 60104 para Empresa ID: 2
[17:20:00] 📥 [148/179] Baixando XML da TOTVS: 25260540950354000200650020000601051273588005
[17:20:01] 💾 Salvando Nota 60105 para Empresa ID: 2
[17:20:01] 📥 [149/179] Baixando XML da TOTVS: 25260540950354000200550010000070071280079943
[17:20:01] 💾 Salvando Nota 7007 para Empresa ID: 2
[17:20:01] 📥 [150/179] Baixando XML da TOTVS: 25260540950354000200650020000601061220688819
[17:20:01] 💾 Salvando Nota 60106 para Empresa ID: 2
[17:20:01] 📥 [151/179] Baixando XML da TOTVS: 25260540950354000200650020000601071326411788
[17:20:01] 💾 Salvando Nota 60107 para Empresa ID: 2
[17:20:01] 📥 [152/179] Baixando XML da TOTVS: 25260540950354000200650020000601081299833882
[17:20:01] 💾 Salvando Nota 60108 para Empresa ID: 2
[17:20:01] 📥 [153/179] Baixando XML da TOTVS: 25260540950354000200650020000601091110136015
[17:20:01] 💾 Salvando Nota 60109 para Empresa ID: 2
[17:20:01] 📥 [154/179] Baixando XML da TOTVS: 25260540950354000200650020000601101158056756
[17:20:01] 💾 Salvando Nota 60110 para Empresa ID: 2
[17:20:02] 📥 [155/179] Baixando XML da TOTVS: 25260540950354000200550010000070081914070925
[17:20:02] 💾 Salvando Nota 7008 para Empresa ID: 2
[17:20:02] 📥 [156/179] Baixando XML da TOTVS: 25260540950354000200650020000601111283560852
[17:20:02] 💾 Salvando Nota 60111 para Empresa ID: 2
[17:20:02] 📥 [157/179] Baixando XML da TOTVS: 25260540950354000200650020000601121282065553
[17:20:02] 💾 Salvando Nota 60112 para Empresa ID: 2
[17:20:02] 📥 [158/179] Baixando XML da TOTVS: 25260540950354000200650020000601131158586609
[17:20:02] 💾 Salvando Nota 60113 para Empresa ID: 2
[17:20:02] 📥 [159/179] Baixando XML da TOTVS: 25260540950354000200650020000601141196875890
[17:20:02] 💾 Salvando Nota 60114 para Empresa ID: 2
[17:20:02] 📥 [160/179] Baixando XML da TOTVS: 25260540950354000200650020000601151212410083
[17:20:02] 💾 Salvando Nota 60115 para Empresa ID: 2
[17:20:02] 📥 [161/179] Baixando XML da TOTVS: 25260540950354000200550010000070091225036060
[17:20:03] 💾 Salvando Nota 7009 para Empresa ID: 2
[17:20:03] 📥 [162/179] Baixando XML da TOTVS: 25260540950354000200650020000601161309897260
[17:20:03] 💾 Salvando Nota 60116 para Empresa ID: 2
[17:20:03] 📥 [163/179] Baixando XML da TOTVS: 25260540950354000200650020000601171398691953
[17:20:03] 💾 Salvando Nota 60117 para Empresa ID: 2
[17:20:03] 📥 [164/179] Baixando XML da TOTVS: 25260540950354000200550010000070101145573647
[17:20:03] 💾 Salvando Nota 7010 para Empresa ID: 2
[17:20:03] 📥 [165/179] Baixando XML da TOTVS: 25260540950354000200650020000601181260499961
[17:20:03] 💾 Salvando Nota 60118 para Empresa ID: 2
[17:20:03] 📥 [166/179] Baixando XML da TOTVS: 25260540950354000200650020000601191736083587
[17:20:03] 💾 Salvando Nota 60119 para Empresa ID: 2
[17:20:03] 📥 [167/179] Baixando XML da TOTVS: 25260540950354000200650020000601201118365533
[17:20:04] 💾 Salvando Nota 60120 para Empresa ID: 2
[17:20:04] 📥 [168/179] Baixando XML da TOTVS: 25260540950354000200650020000601211170480515
[17:20:04] 💾 Salvando Nota 60121 para Empresa ID: 2
[17:20:04] 📥 [169/179] Baixando XML da TOTVS: 25260540950354000200650020000601221910896016
[17:20:04] 💾 Salvando Nota 60122 para Empresa ID: 2
[17:20:04] 📥 [170/179] Baixando XML da TOTVS: 25260540950354000200550010000070111112045720
[17:20:04] 💾 Salvando Nota 7011 para Empresa ID: 2
[17:20:04] 📥 [171/179] Baixando XML da TOTVS: 25260540950354000200650020000601231278221426
[17:20:04] 💾 Salvando Nota 60123 para Empresa ID: 2
[17:20:04] 📥 [172/179] Baixando XML da TOTVS: 25260540950354000200550010000070121262196720
[17:20:04] 💾 Salvando Nota 7012 para Empresa ID: 2
[17:20:04] 📥 [173/179] Baixando XML da TOTVS: 25260540950354000200650020000601241396162893
[17:20:05] 💾 Salvando Nota 60124 para Empresa ID: 2
[17:20:05] 📥 [174/179] Baixando XML da TOTVS: 25260540950354000200650020000601251147717740
[17:20:05] 💾 Salvando Nota 60125 para Empresa ID: 2
[17:20:05] 📥 [175/179] Baixando XML da TOTVS: 25260540950354000200650020000601261227060516
[17:20:05] 💾 Salvando Nota 60126 para Empresa ID: 2
[17:20:05] 📥 [176/179] Baixando XML da TOTVS: 25260540950354000200650020000601271166531112
[17:20:05] 💾 Salvando Nota 60127 para Empresa ID: 2
[17:20:05] 📥 [177/179] Baixando XML da TOTVS: 25260540950354000200650020000601281712602737
[17:20:05] 💾 Salvando Nota 60128 para Empresa ID: 2
[17:20:05] 📥 [178/179] Baixando XML da TOTVS: 25260540950354000200650020000601291263646527
[17:20:05] 💾 Salvando Nota 60129 para Empresa ID: 2
[17:20:05] 📥 [179/179] Baixando XML da TOTVS: 25260540950354000200650020000601301215824500
[17:20:06] 💾 Salvando Nota 60130 para Empresa ID: 2
[17:20:06] 🏁 Fim: 179 novos, 0 já existiam, 0 falhas, 0 sem chave válida.
